<?xml version="1.0" encoding="UTF-8"?>
<testng-results skipped="0" failed="0" ignored="0" total="1" passed="1">
  <reporter-output>
  </reporter-output>
  <suite name="Suite" duration-ms="254" started-at="2021-11-12T07:07:05Z" finished-at="2021-11-12T07:07:06Z">
    <groups>
    </groups>
    <test name="Test" duration-ms="254" started-at="2021-11-12T07:07:05Z" finished-at="2021-11-12T07:07:06Z">
      <class name="githubpractice.Demo1Test">
        <test-method status="PASS" signature="simple()[pri:0, instance:githubpractice.Demo1Test@735b5592]" name="simple" duration-ms="26" started-at="2021-11-12T07:07:06Z" finished-at="2021-11-12T07:07:06Z">
          <reporter-output>
          </reporter-output>
        </test-method> <!-- simple -->
      </class> <!-- githubpractice.Demo1Test -->
    </test> <!-- Test -->
  </suite> <!-- Suite -->
</testng-results>
